<?xml version="1.0" encoding="UTF-8"?>
<testsuite name="Smoke Test"
           tests="2"
           failures="0"
           errors="0"
           skipped="0"
           time="27.414">
  <properties />
  
  
            <testcase name="verifyUserShouldNavigateToLoginPageSuccessfully" time="1.344" classname="com.tutorialsninja.testsuite.MyAccountsTest" />
                <testcase name="verifyThatUserRegisterAccountSuccessfully" time="26.070" classname="com.tutorialsninja.testsuite.MyAccountsTest" />
      
</testsuite>
